2025-04-08 00:36:04.946243 - Received CBT.V508.FILE028.PDS from FILE028.XMI 
2025-04-08 00:36:04.950889 - Found $$$#DATE.txt (text/plain) in CBT.V508.FILE028.PDS, moved to PDS/$$$#DATE
2025-04-08 00:36:04.952374 - Found $$$DOC.txt (text/plain) in CBT.V508.FILE028.PDS, moved to PDS/$$$DOC
2025-04-08 00:36:04.953809 - Found $$$DOC1.txt (text/plain) in CBT.V508.FILE028.PDS, moved to PDS/$$$DOC1
2025-04-08 00:36:04.955261 - Found $$$DOC2.txt (text/plain) in CBT.V508.FILE028.PDS, moved to PDS/$$$DOC2
2025-04-08 00:36:04.956646 - Found $$$DOC3.txt (text/plain) in CBT.V508.FILE028.PDS, moved to PDS/$$$DOC3
2025-04-08 00:36:04.957894 - Found $$$DOC4.txt (text/plain) in CBT.V508.FILE028.PDS, moved to PDS/$$$DOC4
2025-04-08 00:36:04.959231 - Found @FILE028.txt (text/plain) in CBT.V508.FILE028.PDS, moved to PDS/@FILE028
2025-04-08 00:36:04.960850 - Found FTL.txt (text/plain) in CBT.V508.FILE028.PDS, moved to PDS/FTL
2025-04-08 00:36:04.962327 - Found FTL$.jcl (text/plain) in CBT.V508.FILE028.PDS, moved to PDS/FTL$
2025-04-08 00:36:04.963842 - Found GENGENR.txt (text/plain) in CBT.V508.FILE028.PDS, moved to PDS/GENGENR
2025-04-08 00:36:04.965283 - Found GENINITT.txt (text/plain) in CBT.V508.FILE028.PDS, moved to PDS/GENINITT
2025-04-08 00:36:04.966620 - Found GENJOBCD.txt (text/plain) in CBT.V508.FILE028.PDS, moved to PDS/GENJOBCD
2025-04-08 00:36:04.968007 - Found GENPOPS.txt (text/plain) in CBT.V508.FILE028.PDS, moved to PDS/GENPOPS
2025-04-08 00:36:04.969480 - Found GENPOPSF.txt (text/plain) in CBT.V508.FILE028.PDS, moved to PDS/GENPOPSF
2025-04-08 00:36:04.970943 - Found GENPOPST.txt (text/plain) in CBT.V508.FILE028.PDS, moved to PDS/GENPOPST
2025-04-08 00:36:04.972420 - Found GENSYSDA.txt (text/plain) in CBT.V508.FILE028.PDS, moved to PDS/GENSYSDA
2025-04-08 00:36:04.974034 - Found GENTC.txt (text/plain) in CBT.V508.FILE028.PDS, moved to PDS/GENTC
2025-04-08 00:36:04.975455 - Found GENUNLD.txt (text/plain) in CBT.V508.FILE028.PDS, moved to PDS/GENUNLD
2025-04-08 00:36:04.976821 - Found GENUNLDI.txt (text/plain) in CBT.V508.FILE028.PDS, moved to PDS/GENUNLDI
2025-04-08 00:36:04.978276 - Found GENUNLDM.txt (text/plain) in CBT.V508.FILE028.PDS, moved to PDS/GENUNLDM
2025-04-08 00:36:04.979612 - Found GENUNLDS.x-Algol68 (text/x-Algol68) in CBT.V508.FILE028.PDS, moved to PDS/GENUNLDS
2025-04-08 00:36:04.980879 - Found GENUNLDX.txt (text/plain) in CBT.V508.FILE028.PDS, moved to PDS/GENUNLDX
2025-04-08 00:36:04.982225 - Found GENVOL.txt (text/plain) in CBT.V508.FILE028.PDS, moved to PDS/GENVOL
2025-04-08 00:36:04.983807 - Found GENVOLF.txt (text/plain) in CBT.V508.FILE028.PDS, moved to PDS/GENVOLF
2025-04-08 00:36:04.985237 - Found GENVOLI.txt (text/plain) in CBT.V508.FILE028.PDS, moved to PDS/GENVOLI
2025-04-08 00:36:04.986749 - Found GENVOLIF.txt (text/plain) in CBT.V508.FILE028.PDS, moved to PDS/GENVOLIF
2025-04-08 00:36:04.988065 - Found GNJES3J.txt (text/plain) in CBT.V508.FILE028.PDS, moved to PDS/GNJES3J
2025-04-08 00:36:04.989575 - Found GNJES3P.txt (text/plain) in CBT.V508.FILE028.PDS, moved to PDS/GNJES3P
2025-04-08 00:36:04.991163 - Found GNJES3S.txt (text/plain) in CBT.V508.FILE028.PDS, moved to PDS/GNJES3S
2025-04-08 00:36:04.992515 - Found GNJES3V.txt (text/plain) in CBT.V508.FILE028.PDS, moved to PDS/GNJES3V
2025-04-08 00:36:04.994039 - Found OUTLIST.x-Algol68 (text/x-Algol68) in CBT.V508.FILE028.PDS, moved to PDS/OUTLIST
2025-04-08 00:36:04.995400 - Found SAMPINPT.txt (text/plain) in CBT.V508.FILE028.PDS, moved to PDS/SAMPINPT
2025-04-08 00:36:04.996915 - Found SEQCPY.xmi (application/xmit) in CBT.V508.FILE028.PDS, moved to PDS/SEQCPY.xmi
2025-04-08 00:36:05.008975 - Received SBGOLOB.SEQCPY.LOADLIB from SEQCPY.xmi 
2025-04-08 00:36:05.011405 - Found SEQCPY.bin (application/octet-stream) in SBGOLOB.SEQCPY.LOADLIB, moved to SEQCPY/SEQCPY
2025-04-08 00:36:05.012800 - Found SEQCPYF.bin (application/octet-stream) in SBGOLOB.SEQCPY.LOADLIB, moved to SEQCPY/SEQCPYF
2025-04-08 00:36:05.014336 - Found SEQCPY@.jcl (text/plain) in CBT.V508.FILE028.PDS, moved to PDS/SEQCPY@
2025-04-08 00:36:05.015962 - Found TAPEMAP.jcl (text/plain) in CBT.V508.FILE028.PDS, moved to PDS/TAPEMAP
2025-04-08 00:36:05.017538 - Found TAPEMAP@.x-mp4a-latm (audio/x-mp4a-latm) in CBT.V508.FILE028.PDS, moved to PDS/TAPEMAP@
2025-04-08 00:36:05.018988 - Found TAPEMAPS.jcl (text/plain) in CBT.V508.FILE028.PDS, moved to PDS/TAPEMAPS
2025-04-08 00:36:05.020489 - Found TSOBATV1.jcl (text/plain) in CBT.V508.FILE028.PDS, moved to PDS/TSOBATV1
